
(com/example/webguidemo/testpage.story)
Scenario: Test Practiceform page
Given user is on Home page
When user click example link
Then example page is shown
Given user is on Home page
When user click Submit
Then This field is required alert validator is shown (FAILED)
(org.openqa.selenium.NoSuchElementException: no such element: Unable to locate element: {"method":"xpath","selector":"//*[contains(text(),'This field is required.')]"}
  (Session info: chrome=50.0.2661.87)
  (Driver info: chromedriver=2.21.371459 (36d3d07f660ff2bc1bf28a75d1cdabed0983e7c4),platform=Windows NT 10.0 x86_64) (WARNING: The server did not provide any stacktrace information)
Command duration or timeout: 5.01 seconds
For documentation on this error, please visit: http://seleniumhq.org/exceptions/no_such_element.html
Build info: version: '2.45.0', revision: '5017cb8e7ca8e37638dc3091b2440b90a1d8686f', time: '2015-02-27 09:10:26'
System info: host: 'DESKTOP-81P4793', ip: '172.17.16.68', os.name: 'Windows 10', os.arch: 'amd64', os.version: '10.0', java.version: '1.8.0_71'
Driver info: org.openqa.selenium.chrome.ChromeDriver
Capabilities [{applicationCacheEnabled=false, rotatable=false, mobileEmulationEnabled=false, chrome={chromedriverVersion=2.21.371459 (36d3d07f660ff2bc1bf28a75d1cdabed0983e7c4), userDataDir=C:\Users\Greg\AppData\Local\Temp\scoped_dir8204_24693}, takesHeapSnapshot=true, databaseEnabled=false, handlesAlerts=true, hasTouchScreen=false, version=50.0.2661.87, platform=XP, browserConnectionEnabled=false, nativeEvents=true, acceptSslCerts=true, locationContextEnabled=true, webStorageEnabled=true, browserName=chrome, takesScreenshot=true, javascriptEnabled=true, cssSelectorsEnabled=true}]
Session ID: e1f2cb67454db41d311bda34204a83ab
*** Element info: {Using=xpath, value=//*[contains(text(),'This field is required.')]})
Given user is on Home page (NOT PERFORMED)
When user types 12 in field (NOT PERFORMED)
Then user pass a validation (NOT PERFORMED)
Given user is on Home page (NOT PERFORMED)
When user click alert button (NOT PERFORMED)
Then alert is shown (NOT PERFORMED)
When user click on /a/span/ link (NOT PERFORMED)
Then create PrSc (NOT PERFORMED)
Given user is on Home page (NOT PERFORMED)
When user types 1111 in field (NOT PERFORMED)
Then msg validation show Please enter no more than 2 characters. (NOT PERFORMED)


