<?xml version="1.0" encoding="UTF-8" ?>
<testsuite tests="1" failures="0" name="com.example.webguidemo.TelemanWebTest" time="53.21" errors="1" skipped="0">
  <properties>
    <property name="idea.version" value="15.0.3"/>
    <property name="java.runtime.name" value="Java(TM) SE Runtime Environment"/>
    <property name="sun.boot.library.path" value="C:\Program Files\Java\jdk1.8.0_71\jre\bin"/>
    <property name="java.vm.version" value="25.71-b15"/>
    <property name="java.vm.vendor" value="Oracle Corporation"/>
    <property name="java.vendor.url" value="http://java.oracle.com/"/>
    <property name="path.separator" value=";"/>
    <property name="guice.disable.misplaced.annotation.check" value="true"/>
    <property name="java.vm.name" value="Java HotSpot(TM) 64-Bit Server VM"/>
    <property name="file.encoding.pkg" value="sun.io"/>
    <property name="idea.launcher.port" value="7535"/>
    <property name="user.script" value=""/>
    <property name="user.country" value="PL"/>
    <property name="sun.java.launcher" value="SUN_STANDARD"/>
    <property name="sun.os.patch.level" value=""/>
    <property name="java.vm.specification.name" value="Java Virtual Machine Specification"/>
    <property name="user.dir" value="C:\Users\Greg\Documents\GitHub\testy-junit\lab06\webguidemo"/>
    <property name="java.runtime.version" value="1.8.0_71-b15"/>
    <property name="java.awt.graphicsenv" value="sun.awt.Win32GraphicsEnvironment"/>
    <property name="java.endorsed.dirs" value="C:\Program Files\Java\jdk1.8.0_71\jre\lib\endorsed"/>
    <property name="os.arch" value="amd64"/>
    <property name="java.io.tmpdir" value="C:\Users\Greg\AppData\Local\Temp\"/>
    <property name="line.separator" value="
"/>
    <property name="java.vm.specification.vendor" value="Oracle Corporation"/>
    <property name="user.variant" value=""/>
    <property name="os.name" value="Windows 10"/>
    <property name="classworlds.conf" value="C:\Program Files (x86)\JetBrains\IntelliJ IDEA 15.0.3\plugins\maven\lib\maven3\bin\m2.conf"/>
    <property name="sun.jnu.encoding" value="Cp1250"/>
    <property name="java.library.path" value="C:\Program Files\Java\jdk1.8.0_71\bin;C:\Windows\Sun\Java\bin;C:\Windows\system32;C:\Windows;C:\ProgramData\Oracle\Java\javapath;C:\Windows\system32;C:\Windows;C:\Windows\System32\Wbem;C:\Windows\System32\WindowsPowerShell\v1.0\;C:\Windows\system32\config\systemprofile\.dnx\bin;C:\Program Files\Microsoft DNX\Dnvm\;C:\Program Files\Microsoft SQL Server\120\Tools\Binn\;C:\Program Files\nodejs\;C:\Program Files (x86)\GtkSharp\2.12\bin;C:\Program Files (x86)\sbt\\bin;C:\Users\Greg\AppData\Roaming\npm;C:\Program Files\MongoDB\Server\3.2\bin;C:\Users\Greg\AppData\Local\GitHub\PortableGit_c7e0cbde92ba565cb218a521411d0e854079a28c\cmd;C:\Users\Greg\AppData\Local\GitHub\PortableGit_c7e0cbde92ba565cb218a521411d0e854079a28c\usr\bin;C:\Users\Greg\AppData\Local\atom\bin;."/>
    <property name="java.specification.name" value="Java Platform API Specification"/>
    <property name="java.class.version" value="52.0"/>
    <property name="sun.management.compiler" value="HotSpot 64-Bit Tiered Compilers"/>
    <property name="os.version" value="10.0"/>
    <property name="user.home" value="C:\Users\Greg"/>
    <property name="user.timezone" value="Europe/Belgrade"/>
    <property name="java.awt.printerjob" value="sun.awt.windows.WPrinterJob"/>
    <property name="java.specification.version" value="1.8"/>
    <property name="idea.launcher.bin.path" value="C:\Program Files (x86)\JetBrains\IntelliJ IDEA 15.0.3\bin"/>
    <property name="file.encoding" value="UTF-8"/>
    <property name="user.name" value="Greg"/>
    <property name="java.class.path" value="C:\Program Files (x86)\JetBrains\IntelliJ IDEA 15.0.3\plugins\maven\lib\maven3\boot\plexus-classworlds-2.4.jar;C:\Program Files (x86)\JetBrains\IntelliJ IDEA 15.0.3\lib\idea_rt.jar"/>
    <property name="java.vm.specification.version" value="1.8"/>
    <property name="sun.arch.data.model" value="64"/>
    <property name="java.home" value="C:\Program Files\Java\jdk1.8.0_71\jre"/>
    <property name="sun.java.command" value="com.intellij.rt.execution.application.AppMain org.codehaus.classworlds.Launcher -Didea.version=15.0.3 test"/>
    <property name="java.specification.vendor" value="Oracle Corporation"/>
    <property name="user.language" value="pl"/>
    <property name="awt.toolkit" value="sun.awt.windows.WToolkit"/>
    <property name="java.vm.info" value="mixed mode"/>
    <property name="java.version" value="1.8.0_71"/>
    <property name="java.ext.dirs" value="C:\Program Files\Java\jdk1.8.0_71\jre\lib\ext;C:\Windows\Sun\Java\lib\ext"/>
    <property name="sun.boot.class.path" value="C:\Program Files\Java\jdk1.8.0_71\jre\lib\resources.jar;C:\Program Files\Java\jdk1.8.0_71\jre\lib\rt.jar;C:\Program Files\Java\jdk1.8.0_71\jre\lib\sunrsasign.jar;C:\Program Files\Java\jdk1.8.0_71\jre\lib\jsse.jar;C:\Program Files\Java\jdk1.8.0_71\jre\lib\jce.jar;C:\Program Files\Java\jdk1.8.0_71\jre\lib\charsets.jar;C:\Program Files\Java\jdk1.8.0_71\jre\lib\jfr.jar;C:\Program Files\Java\jdk1.8.0_71\jre\classes"/>
    <property name="java.vendor" value="Oracle Corporation"/>
    <property name="maven.home" value="C:\Program Files (x86)\JetBrains\IntelliJ IDEA 15.0.3\plugins\maven\lib\maven3"/>
    <property name="file.separator" value="\"/>
    <property name="java.vendor.url.bug" value="http://bugreport.sun.com/bugreport/"/>
    <property name="sun.cpu.endian" value="little"/>
    <property name="sun.io.unicode.encoding" value="UnicodeLittle"/>
    <property name="sun.desktop" value="windows"/>
    <property name="sun.cpu.isalist" value="amd64"/>
  </properties>
  <testcase classname="com.example.webguidemo.TelemanWebTest" name="run" time="53.088">
    <error message="Failures in running stories: ReportsCount[stories=1,storiesNotAllowed=0,storiesPending=0,scenarios=1,scenariosFailed=1,scenariosNotAllowed=0,scenariosPending=0,stepsFailed=3]" type="org.jbehave.core.embedder.Embedder$RunningStoriesFailed">org.jbehave.core.embedder.Embedder$RunningStoriesFailed: Failures in running stories: ReportsCount[stories=1,storiesNotAllowed=0,storiesPending=0,scenarios=1,scenariosFailed=1,scenariosNotAllowed=0,scenariosPending=0,stepsFailed=3]
	at org.jbehave.core.embedder.Embedder$ThrowingRunningStoriesFailed.handleFailures(Embedder.java:534)
	at org.jbehave.core.embedder.Embedder.handleFailures(Embedder.java:270)
	at org.jbehave.core.embedder.Embedder.generateReportsView(Embedder.java:257)
	at org.jbehave.core.embedder.Embedder.generateReportsView(Embedder.java:238)
	at org.jbehave.core.embedder.Embedder.runStoriesAsPaths(Embedder.java:214)
	at org.jbehave.core.junit.JUnitStories.run(JUnitStories.java:20)
	at sun.reflect.NativeMethodAccessorImpl.invoke0(Native Method)
	at sun.reflect.NativeMethodAccessorImpl.invoke(NativeMethodAccessorImpl.java:62)
	at sun.reflect.DelegatingMethodAccessorImpl.invoke(DelegatingMethodAccessorImpl.java:43)
	at java.lang.reflect.Method.invoke(Method.java:497)
	at org.junit.runners.model.FrameworkMethod$1.runReflectiveCall(FrameworkMethod.java:47)
	at org.junit.internal.runners.model.ReflectiveCallable.run(ReflectiveCallable.java:12)
	at org.junit.runners.model.FrameworkMethod.invokeExplosively(FrameworkMethod.java:44)
	at org.junit.internal.runners.statements.InvokeMethod.evaluate(InvokeMethod.java:17)
	at org.junit.runners.ParentRunner.runLeaf(ParentRunner.java:271)
	at org.junit.runners.BlockJUnit4ClassRunner.runChild(BlockJUnit4ClassRunner.java:70)
	at org.junit.runners.BlockJUnit4ClassRunner.runChild(BlockJUnit4ClassRunner.java:50)
	at org.junit.runners.ParentRunner$3.run(ParentRunner.java:238)
	at org.junit.runners.ParentRunner$1.schedule(ParentRunner.java:63)
	at org.junit.runners.ParentRunner.runChildren(ParentRunner.java:236)
	at org.junit.runners.ParentRunner.access$000(ParentRunner.java:53)
	at org.junit.runners.ParentRunner$2.evaluate(ParentRunner.java:229)
	at org.junit.runners.ParentRunner.run(ParentRunner.java:309)
	at org.apache.maven.surefire.junit4.JUnit4TestSet.execute(JUnit4TestSet.java:53)
	at org.apache.maven.surefire.junit4.JUnit4Provider.executeTestSet(JUnit4Provider.java:123)
	at org.apache.maven.surefire.junit4.JUnit4Provider.invoke(JUnit4Provider.java:104)
	at sun.reflect.NativeMethodAccessorImpl.invoke0(Native Method)
	at sun.reflect.NativeMethodAccessorImpl.invoke(NativeMethodAccessorImpl.java:62)
	at sun.reflect.DelegatingMethodAccessorImpl.invoke(DelegatingMethodAccessorImpl.java:43)
	at java.lang.reflect.Method.invoke(Method.java:497)
	at org.apache.maven.surefire.util.ReflectionUtils.invokeMethodWithArray(ReflectionUtils.java:164)
	at org.apache.maven.surefire.booter.ProviderFactory$ProviderProxy.invoke(ProviderFactory.java:110)
	at org.apache.maven.surefire.booter.SurefireStarter.invokeProvider(SurefireStarter.java:175)
	at org.apache.maven.surefire.booter.SurefireStarter.runSuitesInProcessWhenForked(SurefireStarter.java:107)
	at org.apache.maven.surefire.booter.ForkedBooter.main(ForkedBooter.java:68)
</error>
    <system-out>Processing system properties {}
Using controls EmbedderControls[batch=false,skip=false,generateViewAfterStories=true,ignoreFailureInStories=false,ignoreFailureInView=false,verboseFailures=false,verboseFiltering=false,storyTimeoutInSecs=300,failOnStoryTimeout=false,threads=1]

(BeforeStories)

Running story com/example/webguidemo/teleman_web_test.story

(com/example/webguidemo/teleman_web_test.story)
org.jbehave.web.selenium.PerStoryWebDriverSteps.beforeStory() (FAILED)
(org.jbehave.core.failures.BeforeOrAfterFailed: Method beforeStory (annotated with @BeforeStory in class org.jbehave.web.selenium.PerStoryWebDriverSteps) failed: org.openqa.selenium.WebDriverException: Failed to connect to binary FirefoxBinary(C:\Program Files (x86)\Mozilla Firefox\firefox.exe) on port 7055; process output follows: 
Files (x86)\\Mozilla Firefox\\browser\\extensions\\{972ce4c6-7e08-4474-a285-3208198ce6fd}.xpi&quot;,&quot;e&quot;:true,&quot;v&quot;:&quot;45.0.2&quot;,&quot;st&quot;:1460450274753}},&quot;winreg-app-global&quot;:{&quot;{F003DA68-8256-4b37-A6C4-350FA04494DF}&quot;:{&quot;d&quot;:&quot;C:\\Program Files\\Logitech\\SetPointP\\LogiSmoothFirefoxExt&quot;,&quot;e&quot;:false,&quot;v&quot;:&quot;6.5&quot;,&quot;st&quot;:1453285854896,&quot;mt&quot;:1440547208000}}}
1461058253362	addons.xpi	DEBUG	Existing add-on fxdriver@googlecode.com in app-profile
1461058253363	addons.xpi	DEBUG	getModTime: Recursive scan of loop@mozilla.org
1461058253363	addons.xpi	DEBUG	Existing add-on loop@mozilla.org in app-system-defaults
1461058253364	addons.xpi	DEBUG	getModTime: Recursive scan of {972ce4c6-7e08-4474-a285-3208198ce6fd}
1461058253365	addons.xpi	DEBUG	Existing add-on {972ce4c6-7e08-4474-a285-3208198ce6fd} in app-global
1461058253365	addons.xpi	DEBUG	Existing add-on {F003DA68-8256-4b37-A6C4-350FA04494DF} in winreg-app-global
1461058253365	addons.xpi	DEBUG	getInstallState changed: false, state: {&quot;app-profile&quot;:{&quot;fxdriver@googlecode.com&quot;:{&quot;d&quot;:&quot;C:\\Users\\Greg\\AppData\\Local\\Temp\\anonymous5686985385444236368webdriver-profile\\extensions\\fxdriver@googlecode.com&quot;,&quot;e&quot;:false,&quot;v&quot;:&quot;2.45.0&quot;,&quot;st&quot;:1461058247345,&quot;mt&quot;:1461058247324}},&quot;app-system-defaults&quot;:{&quot;loop@mozilla.org&quot;:{&quot;d&quot;:&quot;C:\\Program Files (x86)\\Mozilla Firefox\\browser\\features\\loop@mozilla.org.xpi&quot;,&quot;e&quot;:true,&quot;v&quot;:&quot;1.1.14&quot;,&quot;st&quot;:1460450274692}},&quot;app-global&quot;:{&quot;{972ce4c6-7e08-4474-a285-3208198ce6fd}&quot;:{&quot;d&quot;:&quot;C:\\Program Files (x86)\\Mozilla Firefox\\browser\\extensions\\{972ce4c6-7e08-4474-a285-3208198ce6fd}.xpi&quot;,&quot;e&quot;:true,&quot;v&quot;:&quot;45.0.2&quot;,&quot;st&quot;:1460450274753}},&quot;winreg-app-global&quot;:{&quot;{F003DA68-8256-4b37-A6C4-350FA04494DF}&quot;:{&quot;d&quot;:&quot;C:\\Program Files\\Logitech\\SetPointP\\LogiSmoothFirefoxExt&quot;,&quot;e&quot;:false,&quot;v&quot;:&quot;6.5&quot;,&quot;st&quot;:1453285854896,&quot;mt&quot;:1440547208000}}}
1461058253367	addons.xpi	DEBUG	No changes found
1461058253375	addons.xpi	DEBUG	Registering manifest for C:\Program Files (x86)\Mozilla Firefox\browser\features\loop@mozilla.org.xpi
1461058253376	addons.xpi	DEBUG	Loading bootstrap scope from C:\Program Files (x86)\Mozilla Firefox\browser\features\loop@mozilla.org.xpi
1461058253390	addons.xpi	DEBUG	Calling bootstrap method startup on loop@mozilla.org version 1.1.14
1461058253405	addons.xpi-utils	DEBUG	Starting async load of XPI database C:\Users\Greg\AppData\Local\Temp\anonymous5686985385444236368webdriver-profile\extensions.json
1461058253412	addons.manager	DEBUG	Starting provider: &lt;unnamed-provider&gt;
1461058253412	addons.manager	DEBUG	Registering shutdown blocker for &lt;unnamed-provider&gt;
1461058253412	addons.manager	DEBUG	Provider finished startup: &lt;unnamed-provider&gt;
1461058253426	addons.manager	DEBUG	Registering shutdown blocker for XPIProvider
1461058253426	addons.manager	DEBUG	Provider finished startup: XPIProvider
1461058253426	addons.manager	DEBUG	Starting provider: LightweightThemeManager
1461058253426	addons.manager	DEBUG	Registering shutdown blocker for LightweightThemeManager
1461058253426	addons.manager	DEBUG	Provider finished startup: LightweightThemeManager
1461058253427	addons.manager	DEBUG	Starting provider: GMPProvider
1461058253432	addons.manager	DEBUG	Registering shutdown blocker for GMPProvider
1461058253432	addons.manager	DEBUG	Provider finished startup: GMPProvider
1461058253432	addons.manager	DEBUG	Starting provider: PluginProvider
1461058253432	addons.manager	DEBUG	Registering shutdown blocker for PluginProvider
1461058253433	addons.manager	DEBUG	Provider finished startup: PluginProvider
1461058253433	addons.manager	DEBUG	Completed startup sequence
1461058253662	addons.xpi-utils	DEBUG	Async JSON file read took 0 MS
1461058253662	addons.xpi-utils	DEBUG	Finished async read of XPI database, parsing...
1461058253664	addons.xpi-utils	DEBUG	Successfully read XPI database
*** Blocklist::_loadBlocklistFromFile: blocklist is disabled
1461058254318	addons.manager	DEBUG	Starting provider: PreviousExperimentProvider
1461058254318	addons.manager	DEBUG	Registering shutdown blocker for PreviousExperimentProvider
1461058254318	addons.manager	DEBUG	Provider finished startup: PreviousExperimentProvider

Build info: version: &apos;2.45.0&apos;, revision: &apos;5017cb8e7ca8e37638dc3091b2440b90a1d8686f&apos;, time: &apos;2015-02-27 09:10:26&apos;
System info: host: &apos;DESKTOP-81P4793&apos;, ip: &apos;172.17.16.162&apos;, os.name: &apos;Windows 10&apos;, os.arch: &apos;amd64&apos;, os.version: &apos;10.0&apos;, java.version: &apos;1.8.0_71&apos;
Driver info: driver.version: FirefoxDriver)
Scenario: User searches for a single step
Given user is on Home page (FAILED)
(org.jbehave.web.selenium.DelegatingWebDriverProvider$DelegateWebDriverNotFound: WebDriver has not been found for this thread.
Please verify you are using the correct WebDriverProvider, with the appropriate credentials if using remote access, e.g. to SauceLabs: -DSAUCE_USERNAME=xxxxxx -DSAUCE_ACCESS_KEY=xxx-xxxx-xxxx-xxxx-xxx )
When user opens Sport link (NOT PERFORMED)
Then Sport page is shown (NOT PERFORMED)
Screenshot of page &apos;[unknown page title]. Will try again. Cause: WebDriver has not been found for this thread.
Please verify you are using the correct WebDriverProvider, with the appropriate credentials if using remote access, e.g. to SauceLabs: -DSAUCE_USERNAME=xxxxxx -DSAUCE_ACCESS_KEY=xxx-xxxx-xxxx-xxxx-xxx 

org.jbehave.web.selenium.PerStoryWebDriverSteps.afterStory() (FAILED)
(org.jbehave.core.failures.BeforeOrAfterFailed: Method afterStory (annotated with @AfterStory in class org.jbehave.web.selenium.PerStoryWebDriverSteps) failed: java.lang.NullPointerException)


(AfterStories)

Generating reports view to &apos;C:\Users\Greg\Documents\GitHub\testy-junit\lab06\webguidemo\target\jbehave&apos; using formats &apos;[stats, console, txt]&apos; and view properties &apos;{navigator=ftl/jbehave-navigator.ftl, views=ftl/jbehave-views.ftl, reports=ftl/jbehave-reports-with-totals.ftl, nonDecorated=ftl/jbehave-report-non-decorated.ftl, decorated=ftl/jbehave-report-decorated.ftl, maps=ftl/jbehave-maps.ftl}&apos;
Reports view generated with 1 stories (of which 0 pending) containing 1 scenarios (of which 0 pending)
</system-out>
    <system-err>org.openqa.selenium.firefox.NotConnectedException: Unable to connect to host 127.0.0.1 on port 7055 after 45000 ms. Firefox console output:
Files (x86)\\Mozilla Firefox\\browser\\extensions\\{972ce4c6-7e08-4474-a285-3208198ce6fd}.xpi&quot;,&quot;e&quot;:true,&quot;v&quot;:&quot;45.0.2&quot;,&quot;st&quot;:1460450274753}},&quot;winreg-app-global&quot;:{&quot;{F003DA68-8256-4b37-A6C4-350FA04494DF}&quot;:{&quot;d&quot;:&quot;C:\\Program Files\\Logitech\\SetPointP\\LogiSmoothFirefoxExt&quot;,&quot;e&quot;:false,&quot;v&quot;:&quot;6.5&quot;,&quot;st&quot;:1453285854896,&quot;mt&quot;:1440547208000}}}
1461058253362	addons.xpi	DEBUG	Existing add-on fxdriver@googlecode.com in app-profile
1461058253363	addons.xpi	DEBUG	getModTime: Recursive scan of loop@mozilla.org
1461058253363	addons.xpi	DEBUG	Existing add-on loop@mozilla.org in app-system-defaults
1461058253364	addons.xpi	DEBUG	getModTime: Recursive scan of {972ce4c6-7e08-4474-a285-3208198ce6fd}
1461058253365	addons.xpi	DEBUG	Existing add-on {972ce4c6-7e08-4474-a285-3208198ce6fd} in app-global
1461058253365	addons.xpi	DEBUG	Existing add-on {F003DA68-8256-4b37-A6C4-350FA04494DF} in winreg-app-global
1461058253365	addons.xpi	DEBUG	getInstallState changed: false, state: {&quot;app-profile&quot;:{&quot;fxdriver@googlecode.com&quot;:{&quot;d&quot;:&quot;C:\\Users\\Greg\\AppData\\Local\\Temp\\anonymous5686985385444236368webdriver-profile\\extensions\\fxdriver@googlecode.com&quot;,&quot;e&quot;:false,&quot;v&quot;:&quot;2.45.0&quot;,&quot;st&quot;:1461058247345,&quot;mt&quot;:1461058247324}},&quot;app-system-defaults&quot;:{&quot;loop@mozilla.org&quot;:{&quot;d&quot;:&quot;C:\\Program Files (x86)\\Mozilla Firefox\\browser\\features\\loop@mozilla.org.xpi&quot;,&quot;e&quot;:true,&quot;v&quot;:&quot;1.1.14&quot;,&quot;st&quot;:1460450274692}},&quot;app-global&quot;:{&quot;{972ce4c6-7e08-4474-a285-3208198ce6fd}&quot;:{&quot;d&quot;:&quot;C:\\Program Files (x86)\\Mozilla Firefox\\browser\\extensions\\{972ce4c6-7e08-4474-a285-3208198ce6fd}.xpi&quot;,&quot;e&quot;:true,&quot;v&quot;:&quot;45.0.2&quot;,&quot;st&quot;:1460450274753}},&quot;winreg-app-global&quot;:{&quot;{F003DA68-8256-4b37-A6C4-350FA04494DF}&quot;:{&quot;d&quot;:&quot;C:\\Program Files\\Logitech\\SetPointP\\LogiSmoothFirefoxExt&quot;,&quot;e&quot;:false,&quot;v&quot;:&quot;6.5&quot;,&quot;st&quot;:1453285854896,&quot;mt&quot;:1440547208000}}}
1461058253367	addons.xpi	DEBUG	No changes found
1461058253375	addons.xpi	DEBUG	Registering manifest for C:\Program Files (x86)\Mozilla Firefox\browser\features\loop@mozilla.org.xpi
1461058253376	addons.xpi	DEBUG	Loading bootstrap scope from C:\Program Files (x86)\Mozilla Firefox\browser\features\loop@mozilla.org.xpi
1461058253390	addons.xpi	DEBUG	Calling bootstrap method startup on loop@mozilla.org version 1.1.14
1461058253405	addons.xpi-utils	DEBUG	Starting async load of XPI database C:\Users\Greg\AppData\Local\Temp\anonymous5686985385444236368webdriver-profile\extensions.json
1461058253412	addons.manager	DEBUG	Starting provider: &lt;unnamed-provider&gt;
1461058253412	addons.manager	DEBUG	Registering shutdown blocker for &lt;unnamed-provider&gt;
1461058253412	addons.manager	DEBUG	Provider finished startup: &lt;unnamed-provider&gt;
1461058253426	addons.manager	DEBUG	Registering shutdown blocker for XPIProvider
1461058253426	addons.manager	DEBUG	Provider finished startup: XPIProvider
1461058253426	addons.manager	DEBUG	Starting provider: LightweightThemeManager
1461058253426	addons.manager	DEBUG	Registering shutdown blocker for LightweightThemeManager
1461058253426	addons.manager	DEBUG	Provider finished startup: LightweightThemeManager
1461058253427	addons.manager	DEBUG	Starting provider: GMPProvider
1461058253432	addons.manager	DEBUG	Registering shutdown blocker for GMPProvider
1461058253432	addons.manager	DEBUG	Provider finished startup: GMPProvider
1461058253432	addons.manager	DEBUG	Starting provider: PluginProvider
1461058253432	addons.manager	DEBUG	Registering shutdown blocker for PluginProvider
1461058253433	addons.manager	DEBUG	Provider finished startup: PluginProvider
1461058253433	addons.manager	DEBUG	Completed startup sequence
1461058253662	addons.xpi-utils	DEBUG	Async JSON file read took 0 MS
1461058253662	addons.xpi-utils	DEBUG	Finished async read of XPI database, parsing...
1461058253664	addons.xpi-utils	DEBUG	Successfully read XPI database
*** Blocklist::_loadBlocklistFromFile: blocklist is disabled
1461058254318	addons.manager	DEBUG	Starting provider: PreviousExperimentProvider
1461058254318	addons.manager	DEBUG	Registering shutdown blocker for PreviousExperimentProvider
1461058254318	addons.manager	DEBUG	Provider finished startup: PreviousExperimentProvider

	at org.openqa.selenium.firefox.internal.NewProfileExtensionConnection.start(NewProfileExtensionConnection.java:118)
	at org.openqa.selenium.firefox.FirefoxDriver.startClient(FirefoxDriver.java:246)
	at org.openqa.selenium.remote.RemoteWebDriver.&lt;init&gt;(RemoteWebDriver.java:114)
	at org.openqa.selenium.firefox.FirefoxDriver.&lt;init&gt;(FirefoxDriver.java:191)
	at org.openqa.selenium.firefox.FirefoxDriver.&lt;init&gt;(FirefoxDriver.java:186)
	at org.openqa.selenium.firefox.FirefoxDriver.&lt;init&gt;(FirefoxDriver.java:182)
	at org.openqa.selenium.firefox.FirefoxDriver.&lt;init&gt;(FirefoxDriver.java:95)
	at sun.reflect.NativeConstructorAccessorImpl.newInstance0(Native Method)
	at sun.reflect.NativeConstructorAccessorImpl.newInstance(NativeConstructorAccessorImpl.java:62)
	at sun.reflect.DelegatingConstructorAccessorImpl.newInstance(DelegatingConstructorAccessorImpl.java:45)
	at java.lang.reflect.Constructor.newInstance(Constructor.java:422)
	at java.lang.Class.newInstance(Class.java:442)
	at org.jbehave.web.selenium.TypeWebDriverProvider.initialize(TypeWebDriverProvider.java:32)
	at org.jbehave.web.selenium.PerStoryWebDriverSteps.beforeStory(PerStoryWebDriverSteps.java:21)
	at sun.reflect.NativeMethodAccessorImpl.invoke0(Native Method)
	at sun.reflect.NativeMethodAccessorImpl.invoke(NativeMethodAccessorImpl.java:62)
	at sun.reflect.DelegatingMethodAccessorImpl.invoke(DelegatingMethodAccessorImpl.java:43)
	at java.lang.reflect.Method.invoke(Method.java:497)
	at org.jbehave.core.steps.StepCreator$MethodInvoker.invoke(StepCreator.java:801)
	at org.jbehave.core.steps.StepCreator$BeforeOrAfterStep.perform(StepCreator.java:490)
	at org.jbehave.core.embedder.PerformableTree$FineSoFar.run(PerformableTree.java:315)
	at org.jbehave.core.embedder.PerformableTree$PerformableSteps.perform(PerformableTree.java:964)
	at org.jbehave.core.embedder.PerformableTree$PerformableStory.perform(PerformableTree.java:724)
	at org.jbehave.core.embedder.PerformableTree.performCancellable(PerformableTree.java:380)
	at org.jbehave.core.embedder.PerformableTree.perform(PerformableTree.java:360)
	at org.jbehave.core.embedder.StoryManager$EnqueuedStory.call(StoryManager.java:272)
	at org.jbehave.core.embedder.StoryManager$EnqueuedStory.call(StoryManager.java:248)
	at java.util.concurrent.FutureTask.run(FutureTask.java:266)
	at java.util.concurrent.ThreadPoolExecutor.runWorker(ThreadPoolExecutor.java:1142)
	at java.util.concurrent.ThreadPoolExecutor$Worker.run(ThreadPoolExecutor.java:617)
	at java.lang.Thread.run(Thread.java:745)
Screenshot of page &apos;[unknown page title]&apos; has **NOT** been saved to &apos;C:\Users\Greg\Documents\GitHub\testy-junit\lab06\webguidemo\target\jbehave/screenshots/failed-scenario-13d66129-f687-4979-8a8c-7ed7dc346500.png&apos; because error &apos;WebDriver has not been found for this thread.
Please verify you are using the correct WebDriverProvider, with the appropriate credentials if using remote access, e.g. to SauceLabs: -DSAUCE_USERNAME=xxxxxx -DSAUCE_ACCESS_KEY=xxx-xxxx-xxxx-xxxx-xxx &apos; encountered. Stack trace follows:
org.jbehave.web.selenium.DelegatingWebDriverProvider$DelegateWebDriverNotFound: WebDriver has not been found for this thread.
Please verify you are using the correct WebDriverProvider, with the appropriate credentials if using remote access, e.g. to SauceLabs: -DSAUCE_USERNAME=xxxxxx -DSAUCE_ACCESS_KEY=xxx-xxxx-xxxx-xxxx-xxx 
	at org.jbehave.web.selenium.DelegatingWebDriverProvider.get(DelegatingWebDriverProvider.java:24)
	at org.jbehave.web.selenium.DelegatingWebDriverProvider.saveScreenshotTo(DelegatingWebDriverProvider.java:35)
	at org.jbehave.web.selenium.WebDriverScreenshotOnFailure.afterScenarioFailure(WebDriverScreenshotOnFailure.java:56)
	at sun.reflect.NativeMethodAccessorImpl.invoke0(Native Method)
	at sun.reflect.NativeMethodAccessorImpl.invoke(NativeMethodAccessorImpl.java:62)
	at sun.reflect.DelegatingMethodAccessorImpl.invoke(DelegatingMethodAccessorImpl.java:43)
	at java.lang.reflect.Method.invoke(Method.java:497)
	at org.jbehave.core.steps.StepCreator$MethodInvoker.invoke(StepCreator.java:801)
	at org.jbehave.core.steps.StepCreator$BeforeOrAfterStep.perform(StepCreator.java:490)
	at org.jbehave.core.steps.StepCreator$UponFailureStep.doNotPerform(StepCreator.java:559)
	at org.jbehave.core.embedder.PerformableTree$SomethingHappened.run(PerformableTree.java:347)
	at org.jbehave.core.embedder.PerformableTree$PerformableSteps.perform(PerformableTree.java:964)
	at org.jbehave.core.embedder.PerformableTree$NormalPerformableScenario.perform(PerformableTree.java:884)
	at org.jbehave.core.embedder.PerformableTree$PerformableScenario.perform(PerformableTree.java:818)
	at org.jbehave.core.embedder.PerformableTree$PerformableStory.performScenarios(PerformableTree.java:747)
	at org.jbehave.core.embedder.PerformableTree$PerformableStory.perform(PerformableTree.java:726)
	at org.jbehave.core.embedder.PerformableTree.performCancellable(PerformableTree.java:380)
	at org.jbehave.core.embedder.PerformableTree.perform(PerformableTree.java:360)
	at org.jbehave.core.embedder.StoryManager$EnqueuedStory.call(StoryManager.java:272)
	at org.jbehave.core.embedder.StoryManager$EnqueuedStory.call(StoryManager.java:248)
	at java.util.concurrent.FutureTask.run(FutureTask.java:266)
	at java.util.concurrent.ThreadPoolExecutor.runWorker(ThreadPoolExecutor.java:1142)
	at java.util.concurrent.ThreadPoolExecutor$Worker.run(ThreadPoolExecutor.java:617)
	at java.lang.Thread.run(Thread.java:745)
</system-err>
  </testcase>
</testsuite>